  2108 통계학.cpp
E:\Programming_Practice\연습용\code_practice\coding-practice\Baekjoon\Baekjoon\2108 통계학.cpp(19,16): warning C4244: '인수': '_Ty'에서 'const unsigned int'(으)로 변환하면서 데이터가 손실될 수 있습니다.
          with
          [
              _Ty=float
          ]
E:\Programming_Practice\연습용\code_practice\coding-practice\Baekjoon\Baekjoon\2108 통계학.cpp(20,16): warning C4244: '인수': '_Ty'에서 'const unsigned int'(으)로 변환하면서 데이터가 손실될 수 있습니다.
          with
          [
              _Ty=float
          ]
E:\Programming_Practice\연습용\code_practice\coding-practice\Baekjoon\Baekjoon\2108 통계학.cpp(20,38): warning C4244: '=': '_Ty'에서 '_Ty2'(으)로 변환하면서 데이터가 손실될 수 있습니다.
          with
          [
              _Ty=float
          ]
          and
          [
              _Ty2=int
          ]
  Baekjoon2.vcxproj -> E:\Programming_Practice\연습용\code_practice\coding-practice\Baekjoon\Debug\Baekjoon2.exe
